Arguments: 
  C:\Program Files\nodejs\node.exe C:\Users\jpoll\AppData\Roaming\npm\node_modules\yarn\bin\yarn.js

PATH: 
  C:\Users\jpoll\.platformsh\bin;C:\Program Files\Git\mingw64\bin;C:\Program Files\Git\usr\bin;C:\Users\jpoll\bin;C:\Program Files (x86)\PHP\v7.3;C:\ProgramData\DockerDesktop\version-bin;C:\Program Files\Docker\Docker\Resources\bin;C:\Windows\system32;C:\Windows;C:\Windows\System32\Wbem;C:\Windows\System32\WindowsPowerShell\v1.0;C:\Windows\System32\OpenSSH;C:\Program Files\Git\cmd;C:\Program Files\nodejs;C:\Program Files\Microsoft\Web Platform Installer;C:\Users\jpoll\AppData\Local\Microsoft\WindowsApps;C:\Users\jpoll\AppData\Local\Programs\Microsoft VS Code\bin;C:\Users\jpoll\AppData\Roaming\npm;C:\Program Files\Lando\bin;C:\ProgramData\ComposerSetup\bin;C:\Program Files\Intel\WiFi\bin;C:\Program Files\Common Files\Intel\WirelessCommon;C:\Users\jpoll\AppData\Local\Microsoft\WindowsApps;C:\Users\jpoll\AppData\Local\Programs\Microsoft VS Code\bin;C:\Users\jpoll\AppData\Roaming\npm;C:\Program Files\Lando\bin;C:\Users\jpoll\AppData\Roaming\Composer\vendor\bin

Yarn version: 
  1.16.0

Node version: 
  10.16.0

Platform: 
  win32 x64

Trace: 
  Error: connect ECONNREFUSED 127.0.0.1:4873
      at TCPConnectWrap.afterConnect [as oncomplete] (net.js:1106:14)

npm manifest: 
  {
    "name": "with-apollo",
    "version": "2.0.0",
    "scripts": {
      "dev": "next",
      "build": "next build",
      "start": "next start"
    },
    "dependencies": {
      "apollo-boost": "^0.1.16",
      "graphql": "^14.0.2",
      "isomorphic-unfetch": "^3.0.0",
      "next": "latest",
      "prop-types": "^15.6.2",
      "react": "^16.7.0",
      "react-apollo": "^2.1.11",
      "react-dom": "^16.7.0"
    },
    "author": "",
    "license": "ISC"
  }

yarn manifest: 
  No manifest

Lockfile: 
  No lockfile
